#
# There is insufficient memory for the Java Runtime Environment to continue.
# Native memory allocation (mmap) failed to map 134217728 bytes for Failed to commit area from 0x0000000080a00000 to 0x0000000088a00000 of length 134217728.
# Possible reasons:
#   The system is out of physical RAM or swap space
#   The process is running with CompressedOops enabled, and the Java Heap may be blocking the growth of the native heap
# Possible solutions:
#   Reduce memory load on the system
#   Increase physical memory or swap space
#   Check if swap backing store is full
#   Decrease Java heap size (-Xmx/-Xms)
#   Decrease number of Java threads
#   Decrease Java thread stack sizes (-Xss)
#   Set larger code cache with -XX:ReservedCodeCacheSize=
# This output file may be truncated or incomplete.
#
#  Out of Memory Error (t:/workspace/open/src/hotspot/os/windows/os_windows.cpp:3254), pid=23100, tid=22944
#
# JRE version:  (12.0.1+12) (build )
# Java VM: Java HotSpot(TM) 64-Bit Server VM (12.0.1+12, mixed mode, aot, sharing, tiered, compressed oops, g1 gc, windows-amd64)
# No core dump will be written. Minidumps are not enabled by default on client versions of Windows
#

---------------  S U M M A R Y ------------

Command Line: -Dfile.encoding=UTF-8 app.App

Host: Intel(R) Core(TM) i5-7600K CPU @ 3.80GHz, 4 cores, 7G,  Windows 10 , 64 bit Build 18362 (10.0.18362.329)
Time: Thu Feb 27 04:53:00 2020 Hora estándar romance elapsed time: 0 seconds (0d 0h 0m 0s)

---------------  T H R E A D  ---------------

Current thread (0x000001e77f8a5800):  JavaThread "Unknown thread" [_thread_in_vm, id=22944, stack(0x0000001ab9800000,0x0000001ab9900000)]

Stack: [0x0000001ab9800000,0x0000001ab9900000]
Native frames: (J=compiled Java code, j=interpreted, Vv=VM code, C=native code)
V  [jvm.dll+0x63948a]
V  [jvm.dll+0x78b31f]
V  [jvm.dll+0x78c9c1]
V  [jvm.dll+0x78d013]
V  [jvm.dll+0x262138]
V  [jvm.dll+0x63698a]
V  [jvm.dll+0x62b505]
V  [jvm.dll+0x31d9bc]
V  [jvm.dll+0x31d7ef]
V  [jvm.dll+0x323526]
V  [jvm.dll+0x370f76]
V  [jvm.dll+0x370750]
V  [jvm.dll+0x2f786a]
V  [jvm.dll+0x2f8af2]
V  [jvm.dll+0x7657b7]
V  [jvm.dll+0x766e95]
V  [jvm.dll+0x37f089]
V  [jvm.dll+0x749b14]
V  [jvm.dll+0x3ee48d]
V  [jvm.dll+0x3f03c1]
C  [jli.dll+0x51cf]
C  [ucrtbase.dll+0x20e72]
C  [KERNEL32.DLL+0x17bd4]
C  [ntdll.dll+0x6ced1]


---------------  P R O C E S S  ---------------

Threads class SMR info:
_java_thread_list=0x00007fff44af48e8, length=0, elements={
}

Java Threads: ( => current thread )

Other Threads:
  0x000001e77f8e4800 GCTaskThread "GC Thread#0" [stack: 0x0000001ab9900000,0x0000001ab9a00000] [id=16036]
  0x000001e77f8f3800 ConcurrentGCThread "G1 Main Marker" [stack: 0x0000001ab9a00000,0x0000001ab9b00000] [id=23024]
  0x000001e77f8f7800 ConcurrentGCThread "G1 Conc#0" [stack: 0x0000001ab9b00000,0x0000001ab9c00000] [id=23096]

[error occurred during error reporting (printing all threads), id 0xc0000005, EXCEPTION_ACCESS_VIOLATION (0xc0000005) at pc=0x00007fff44327a37]

VM state:not at safepoint (not fully initialized)

VM Mutex/Monitor currently owned by a thread:  ([mutex/lock_event])
[0x000001e77f8a0330] Heap_lock - owner thread: 0x000001e77f8a5800

Heap address: 0x0000000080a00000, size: 2038 MB, Compressed Oops mode: Non-zero based: 0x0000000080a00000
Narrow klass base: 0x0000000000000000, Narrow klass shift: 0

GC Heap History (0 events):
No events

Deoptimization events (0 events):
No events

Classes redefined (0 events):
No events

Internal exceptions (0 events):
No events

Events (0 events):
No events


Dynamic libraries:
0x00007ff7cc440000 - 0x00007ff7cc44f000 	C:\Program Files\Java\jdk-12.0.1\bin\java.exe
0x00007fff8e9a0000 - 0x00007fff8eb90000 	C:\WINDOWS\SYSTEM32\ntdll.dll
0x00007fff8e4f0000 - 0x00007fff8e5a2000 	C:\WINDOWS\System32\KERNEL32.DLL
0x00007fff8bc90000 - 0x00007fff8bf33000 	C:\WINDOWS\System32\KERNELBASE.dll
0x00007fff8bb90000 - 0x00007fff8bc8a000 	C:\WINDOWS\System32\ucrtbase.dll
0x00007fff78380000 - 0x00007fff78396000 	C:\Program Files\Java\jdk-12.0.1\bin\VCRUNTIME140.dll
0x00007fff747a0000 - 0x00007fff747b8000 	C:\Program Files\Java\jdk-12.0.1\bin\jli.dll
0x00007fff8d0f0000 - 0x00007fff8d193000 	C:\WINDOWS\System32\ADVAPI32.dll
0x00007fff8e5c0000 - 0x00007fff8e65e000 	C:\WINDOWS\System32\msvcrt.dll
0x00007fff8de40000 - 0x00007fff8ded7000 	C:\WINDOWS\System32\sechost.dll
0x00007fff8cf60000 - 0x00007fff8d080000 	C:\WINDOWS\System32\RPCRT4.dll
0x00007fff8ca50000 - 0x00007fff8cbe4000 	C:\WINDOWS\System32\USER32.dll
0x00007fff81e90000 - 0x00007fff82115000 	C:\WINDOWS\WinSxS\amd64_microsoft.windows.common-controls_6595b64144ccf1df_6.0.18362.657_none_e6c5b579130e3898\COMCTL32.dll
0x00007fff8bb30000 - 0x00007fff8bb51000 	C:\WINDOWS\System32\win32u.dll
0x00007fff8e4c0000 - 0x00007fff8e4e6000 	C:\WINDOWS\System32\GDI32.dll
0x00007fff8cbf0000 - 0x00007fff8cf26000 	C:\WINDOWS\System32\combase.dll
0x00007fff8b990000 - 0x00007fff8bb24000 	C:\WINDOWS\System32\gdi32full.dll
0x00007fff8c760000 - 0x00007fff8c7e0000 	C:\WINDOWS\System32\bcryptPrimitives.dll
0x00007fff8bf40000 - 0x00007fff8bfde000 	C:\WINDOWS\System32\msvcp_win.dll
0x00007fff87b90000 - 0x00007fff87b9a000 	C:\WINDOWS\SYSTEM32\VERSION.dll
0x00007fff8d1a0000 - 0x00007fff8d1ce000 	C:\WINDOWS\System32\IMM32.DLL
0x00007fff62010000 - 0x00007fff620ba000 	C:\Program Files\Java\jdk-12.0.1\bin\msvcp140.dll
0x00007fff44020000 - 0x00007fff44b94000 	C:\Program Files\Java\jdk-12.0.1\bin\server\jvm.dll
0x00007fff8e5b0000 - 0x00007fff8e5b8000 	C:\WINDOWS\System32\PSAPI.DLL
0x00007fff88570000 - 0x00007fff88579000 	C:\WINDOWS\SYSTEM32\WSOCK32.dll
0x00007fff7ce40000 - 0x00007fff7ce64000 	C:\WINDOWS\SYSTEM32\WINMM.dll
0x00007fff8d4a0000 - 0x00007fff8d50f000 	C:\WINDOWS\System32\WS2_32.dll
0x00007fff82b80000 - 0x00007fff82bad000 	C:\WINDOWS\SYSTEM32\winmmbase.dll
0x00007fff8c7e0000 - 0x00007fff8c82a000 	C:\WINDOWS\System32\cfgmgr32.dll
0x00007fff8b880000 - 0x00007fff8b891000 	C:\WINDOWS\System32\kernel.appcore.dll
0x00007fff727e0000 - 0x00007fff727f1000 	C:\Program Files\Java\jdk-12.0.1\bin\verify.dll
0x00007fff86e60000 - 0x00007fff87054000 	C:\WINDOWS\SYSTEM32\DBGHELP.DLL
0x00007fff866f0000 - 0x00007fff8671a000 	C:\WINDOWS\SYSTEM32\dbgcore.DLL
0x00007fff70e60000 - 0x00007fff70e86000 	C:\Program Files\Java\jdk-12.0.1\bin\java.dll
0x00007fff718f0000 - 0x00007fff71907000 	C:\Program Files\Java\jdk-12.0.1\bin\zip.dll
0x00007fff860c0000 - 0x00007fff860ca000 	C:\Program Files\Java\jdk-12.0.1\bin\jimage.dll

dbghelp: loaded successfully - version: 4.0.5 - missing functions: none
symbol engine: initialized successfully - sym options: 0x614 - pdb path: .;C:\Program Files\Java\jdk-12.0.1\bin;C:\WINDOWS\SYSTEM32;C:\WINDOWS\WinSxS\amd64_microsoft.windows.common-controls_6595b64144ccf1df_6.0.18362.657_none_e6c5b579130e3898;C:\Program Files\Java\jdk-12.0.1\bin\server

VM Arguments:
jvm_args: -Dfile.encoding=UTF-8 
java_command: app.App
java_class_path (initial): E:\Todo\Grado Superior\ExamenUF3Nicolas\bin
Launcher Type: SUN_STANDARD

[Global flags]
     intx CICompilerCount                          = 3                                         {product} {ergonomic}
     uint ConcGCThreads                            = 1                                         {product} {ergonomic}
     uint G1ConcRefinementThreads                  = 4                                         {product} {ergonomic}
   size_t G1HeapRegionSize                         = 1048576                                   {product} {ergonomic}
    uintx GCDrainStackTargetSize                   = 64                                        {product} {ergonomic}
   size_t InitialHeapSize                          = 134217728                                 {product} {ergonomic}
   size_t MarkStackSize                            = 4194304                                   {product} {ergonomic}
   size_t MaxHeapSize                              = 2136997888                                {product} {ergonomic}
   size_t MinHeapDeltaBytes                        = 1048576                                   {product} {ergonomic}
    uintx NonNMethodCodeHeapSize                   = 5830732                                {pd product} {ergonomic}
    uintx NonProfiledCodeHeapSize                  = 122913754                              {pd product} {ergonomic}
    uintx ProfiledCodeHeapSize                     = 122913754                              {pd product} {ergonomic}
    uintx ReservedCodeCacheSize                    = 251658240                              {pd product} {ergonomic}
     bool SegmentedCodeCache                       = true                                      {product} {ergonomic}
     bool UseCompressedClassPointers               = true                                 {lp64_product} {ergonomic}
     bool UseCompressedOops                        = true                                 {lp64_product} {ergonomic}
     bool UseG1GC                                  = true                                      {product} {ergonomic}
     bool UseLargePagesIndividualAllocation        = false                                  {pd product} {ergonomic}

Logging:
Log output configuration:
 #0: stdout all=warning uptime,level,tags
 #1: stderr all=off uptime,level,tags

Environment Variables:
PATH=C:\Program Files (x86)\Common Files\Intel\Shared Libraries\redist\intel64_win\compiler;C:\Program Files\AdoptOpenJDK\jdk-11.0.3.7-hotspot\bin;C:\Program Files (x86)\Common Files\Oracle\Java\javapath;C:\Windows\system32;C:\Windows;C:\Windows\System32\Wbem;C:\Windows\System32\WindowsPowerShell\v1.0\;C:\Program Files (x86)\NVIDIA Corporation\PhysX\Common;C:\WINDOWS\system32;C:\WINDOWS;C:\WINDOWS\System32\Wbem;C:\WINDOWS\System32\WindowsPowerShell\v1.0\;C:\Program Files (x86)\Windows Live\Shared;C:\WINDOWS\System32\OpenSSH\;C:\Program Files\NVIDIA Corporation\NVIDIA NvDLISR;C:\WINDOWS\system32;C:\WINDOWS;C:\WINDOWS\System32\Wbem;C:\WINDOWS\System32\WindowsPowerShell\v1.0\;C:\WINDOWS\System32\OpenSSH\;C:\Program Files\Git\cmd;C:\Users\Niko\AppData\Local\Microsoft\WindowsApps;;C:\Users\Niko\AppData\Local\Programs\Microsoft VS Code\bin
USERNAME=Niko
OS=Windows_NT
PROCESSOR_IDENTIFIER=Intel64 Family 6 Model 158 Stepping 9, GenuineIntel



---------------  S Y S T E M  ---------------

OS: Windows 10 , 64 bit Build 18362 (10.0.18362.329)

CPU:total 4 (initial active 4) (4 cores per cpu, 1 threads per core) family 6 model 158 stepping 9, cmov, cx8, fxsr, mmx, sse, sse2, sse3, ssse3, sse4.1, sse4.2, popcnt, avx, avx2, aes, clmul, erms, rtm, 3dnowpref, lzcnt, tsc, tscinvbit, bmi1, bmi2, adx, fma

Memory: 4k page, system-wide physical 8146M (2063M free)
TotalPageFile size 22388M (AvailPageFile size 106M)
current process WorkingSet (physical memory assigned to process): 9M, peak: 9M
current process commit charge ("private bytes"): 52M, peak: 179M

vm_info: Java HotSpot(TM) 64-Bit Server VM (12.0.1+12) for windows-amd64 JRE (12.0.1+12), built on Apr  2 2019 14:02:19 by "mach5one" with MS VC++ 15.5 (VS2017)

END.
